__main__ - INFO - БД создана
__main__ - INFO - Попытка входа
__main__ - INFO - Попытка входа
__main__ - INFO - Попытка входа
__main__ - INFO - Успешная авторизация
__main__ - INFO - Успешная авторизация
__main__ - INFO - Успешная авторизация
__main__ - INFO - 1 USD = 58.8541 RUB
__main__ - INFO - 1 USD = 58.8541 RUB
__main__ - INFO - 1 USD = 58.8541 RUB
__main__ - INFO - 1 USD = 58.8541 RUB
__main__ - INFO - 1 USD = 58.8541 RUB
__main__ - INFO - 1 USD = 58.8541 RUB
__main__ - INFO - 1 USD = 58.8541 RUB
__main__ - INFO - 1 EUR = 58.7643 RUB
__main__ - INFO - 1 EUR = 58.7643 RUB
__main__ - INFO - 1 EUR = 58.7643 RUB
__main__ - INFO - 1 EUR = 58.7643 RUB
__main__ - INFO - 1 EUR = 58.7643 RUB
__main__ - INFO - 1 EUR = 58.7643 RUB
__main__ - INFO - 1 EUR = 58.7643 RUB
__main__ - INFO - 1 USD = 58.8541 RUB
__main__ - INFO - 1 USD = 58.8541 RUB
__main__ - INFO - 1 USD = 58.8541 RUB
__main__ - INFO - 1 USD = 58.8541 RUB
__main__ - INFO - 1 USD = 58.8541 RUB
__main__ - INFO - 1 USD = 58.8541 RUB
__main__ - INFO - 1 USD = 58.8541 RUB
__main__ - INFO - 1 EUR = 58.7643 RUB
__main__ - INFO - 1 EUR = 58.7643 RUB
__main__ - INFO - 1 EUR = 58.7643 RUB
__main__ - INFO - 1 EUR = 58.7643 RUB
__main__ - INFO - 1 EUR = 58.7643 RUB
__main__ - INFO - 1 EUR = 58.7643 RUB
__main__ - INFO - 1 EUR = 58.7643 RUB
__main__ - INFO - 1 USD = 58.8541 RUB
__main__ - INFO - 1 USD = 58.8541 RUB
__main__ - INFO - 1 USD = 58.8541 RUB
__main__ - INFO - 1 USD = 58.8541 RUB
__main__ - INFO - 1 USD = 58.8541 RUB
__main__ - INFO - 1 USD = 58.8541 RUB
__main__ - INFO - 1 USD = 58.8541 RUB
__main__ - INFO - 1 USD = 58.8541 RUB
__main__ - INFO - 1 USD = 58.8541 RUB
__main__ - INFO - 1 EUR = 58.7643 RUB
__main__ - INFO - 1 EUR = 58.7643 RUB
__main__ - INFO - 1 EUR = 58.7643 RUB
__main__ - INFO - 1 EUR = 58.7643 RUB
__main__ - INFO - 1 EUR = 58.7643 RUB
__main__ - INFO - 1 EUR = 58.7643 RUB
__main__ - INFO - 1 EUR = 58.7643 RUB
__main__ - INFO - 1 EUR = 58.7643 RUB
__main__ - INFO - 1 EUR = 58.7643 RUB
__main__ - INFO - 1 AZN = 34.6201 RUB
__main__ - INFO - 1 AZN = 34.6201 RUB
__main__ - INFO - 1 AZN = 34.6201 RUB
__main__ - INFO - 1 AZN = 34.6201 RUB
__main__ - INFO - 1 AZN = 34.6201 RUB
__main__ - INFO - 1 AZN = 34.6201 RUB
__main__ - INFO - 1 AZN = 34.6201 RUB
__main__ - INFO - 1 AZN = 34.6201 RUB
__main__ - INFO - 1 AZN = 34.6201 RUB
__main__ - INFO - 1 USD = 58.8541 RUB
__main__ - INFO - 1 USD = 58.8541 RUB
__main__ - INFO - 1 USD = 58.8541 RUB
__main__ - INFO - 1 USD = 58.8541 RUB
__main__ - INFO - 1 USD = 58.8541 RUB
__main__ - INFO - 1 USD = 58.8541 RUB
__main__ - INFO - 1 USD = 58.8541 RUB
__main__ - INFO - 1 USD = 58.8541 RUB
__main__ - INFO - 1 USD = 58.8541 RUB
__main__ - INFO - 1 USD = 58.8541 RUB
__main__ - INFO - 1 USD = 58.8541 RUB
__main__ - INFO - 1 EUR = 58.7643 RUB
__main__ - INFO - 1 EUR = 58.7643 RUB
__main__ - INFO - 1 EUR = 58.7643 RUB
__main__ - INFO - 1 EUR = 58.7643 RUB
__main__ - INFO - 1 EUR = 58.7643 RUB
__main__ - INFO - 1 EUR = 58.7643 RUB
__main__ - INFO - 1 EUR = 58.7643 RUB
__main__ - INFO - 1 EUR = 58.7643 RUB
__main__ - INFO - 1 EUR = 58.7643 RUB
__main__ - INFO - 1 EUR = 58.7643 RUB
__main__ - INFO - 1 EUR = 58.7643 RUB
__main__ - INFO - 1 AZN = 34.6201 RUB
__main__ - INFO - 1 AZN = 34.6201 RUB
__main__ - INFO - 1 AZN = 34.6201 RUB
__main__ - INFO - 1 AZN = 34.6201 RUB
__main__ - INFO - 1 AZN = 34.6201 RUB
__main__ - INFO - 1 AZN = 34.6201 RUB
__main__ - INFO - 1 AZN = 34.6201 RUB
__main__ - INFO - 1 AZN = 34.6201 RUB
__main__ - INFO - 1 AZN = 34.6201 RUB
__main__ - INFO - 1 AZN = 34.6201 RUB
__main__ - INFO - 1 AZN = 34.6201 RUB
__main__ - INFO - 1 AUD = 39.55 RUB
__main__ - INFO - 1 AUD = 39.55 RUB
__main__ - INFO - 1 AUD = 39.55 RUB
__main__ - INFO - 1 AUD = 39.55 RUB
__main__ - INFO - 1 AUD = 39.55 RUB
__main__ - INFO - 1 AUD = 39.55 RUB
__main__ - INFO - 1 AUD = 39.55 RUB
__main__ - INFO - 1 AUD = 39.55 RUB
__main__ - INFO - 1 AUD = 39.55 RUB
__main__ - INFO - 1 AUD = 39.55 RUB
__main__ - INFO - 1 AUD = 39.55 RUB
__main__ - INFO - 1 GBP = 69.9481 RUB
__main__ - INFO - 1 GBP = 69.9481 RUB
__main__ - INFO - 1 GBP = 69.9481 RUB
__main__ - INFO - 1 GBP = 69.9481 RUB
__main__ - INFO - 1 GBP = 69.9481 RUB
__main__ - INFO - 1 GBP = 69.9481 RUB
__main__ - INFO - 1 GBP = 69.9481 RUB
__main__ - INFO - 1 GBP = 69.9481 RUB
__main__ - INFO - 1 GBP = 69.9481 RUB
__main__ - INFO - 1 GBP = 69.9481 RUB
__main__ - INFO - 1 GBP = 69.9481 RUB
__main__ - INFO - 100 AMD = 14.3183 RUB
__main__ - INFO - 100 AMD = 14.3183 RUB
__main__ - INFO - 100 AMD = 14.3183 RUB
__main__ - INFO - 100 AMD = 14.3183 RUB
__main__ - INFO - 100 AMD = 14.3183 RUB
__main__ - INFO - 100 AMD = 14.3183 RUB
__main__ - INFO - 100 AMD = 14.3183 RUB
__main__ - INFO - 100 AMD = 14.3183 RUB
__main__ - INFO - 100 AMD = 14.3183 RUB
__main__ - INFO - 100 AMD = 14.3183 RUB
__main__ - INFO - 100 AMD = 14.3183 RUB
__main__ - INFO - 1 BYN = 22.4249 RUB
__main__ - INFO - 1 BYN = 22.4249 RUB
__main__ - INFO - 1 BYN = 22.4249 RUB
__main__ - INFO - 1 BYN = 22.4249 RUB
__main__ - INFO - 1 BYN = 22.4249 RUB
__main__ - INFO - 1 BYN = 22.4249 RUB
__main__ - INFO - 1 BYN = 22.4249 RUB
__main__ - INFO - 1 BYN = 22.4249 RUB
__main__ - INFO - 1 BYN = 22.4249 RUB
__main__ - INFO - 1 BYN = 22.4249 RUB
__main__ - INFO - 1 BYN = 22.4249 RUB
__main__ - INFO - 1 BGN = 30.3857 RUB
__main__ - INFO - 1 BGN = 30.3857 RUB
__main__ - INFO - 1 BGN = 30.3857 RUB
__main__ - INFO - 1 BGN = 30.3857 RUB
__main__ - INFO - 1 BGN = 30.3857 RUB
__main__ - INFO - 1 BGN = 30.3857 RUB
__main__ - INFO - 1 BGN = 30.3857 RUB
__main__ - INFO - 1 BGN = 30.3857 RUB
__main__ - INFO - 1 BGN = 30.3857 RUB
__main__ - INFO - 1 BGN = 30.3857 RUB
__main__ - INFO - 1 BGN = 30.3857 RUB
__main__ - INFO - 1 BRL = 11.0061 RUB
__main__ - INFO - 1 BRL = 11.0061 RUB
__main__ - INFO - 1 BRL = 11.0061 RUB
__main__ - INFO - 1 BRL = 11.0061 RUB
__main__ - INFO - 1 BRL = 11.0061 RUB
__main__ - INFO - 1 BRL = 11.0061 RUB
__main__ - INFO - 1 BRL = 11.0061 RUB
__main__ - INFO - 1 BRL = 11.0061 RUB
__main__ - INFO - 1 BRL = 11.0061 RUB
__main__ - INFO - 1 BRL = 11.0061 RUB
__main__ - INFO - 1 BRL = 11.0061 RUB
__main__ - INFO - 100 HUF = 14.239 RUB
__main__ - INFO - 100 HUF = 14.239 RUB
__main__ - INFO - 100 HUF = 14.239 RUB
__main__ - INFO - 100 HUF = 14.239 RUB
__main__ - INFO - 100 HUF = 14.239 RUB
__main__ - INFO - 100 HUF = 14.239 RUB
__main__ - INFO - 100 HUF = 14.239 RUB
__main__ - INFO - 100 HUF = 14.239 RUB
__main__ - INFO - 100 HUF = 14.239 RUB
__main__ - INFO - 100 HUF = 14.239 RUB
__main__ - INFO - 100 HUF = 14.239 RUB
__main__ - INFO - 10 HKD = 75.1073 RUB
__main__ - INFO - 10 HKD = 75.1073 RUB
__main__ - INFO - 10 HKD = 75.1073 RUB
__main__ - INFO - 10 HKD = 75.1073 RUB
__main__ - INFO - 10 HKD = 75.1073 RUB
__main__ - INFO - 10 HKD = 75.1073 RUB
__main__ - INFO - 10 HKD = 75.1073 RUB
__main__ - INFO - 10 HKD = 75.1073 RUB
__main__ - INFO - 10 HKD = 75.1073 RUB
__main__ - INFO - 10 HKD = 75.1073 RUB
__main__ - INFO - 10 HKD = 75.1073 RUB
__main__ - INFO - 10 DKK = 79.865 RUB
__main__ - INFO - 10 DKK = 79.865 RUB
__main__ - INFO - 10 DKK = 79.865 RUB
__main__ - INFO - 10 DKK = 79.865 RUB
__main__ - INFO - 10 DKK = 79.865 RUB
__main__ - INFO - 10 DKK = 79.865 RUB
__main__ - INFO - 10 DKK = 79.865 RUB
__main__ - INFO - 10 DKK = 79.865 RUB
__main__ - INFO - 10 DKK = 79.865 RUB
__main__ - INFO - 10 DKK = 79.865 RUB
__main__ - INFO - 10 DKK = 79.865 RUB
__main__ - INFO - 100 INR = 74.4244 RUB
__main__ - INFO - 100 INR = 74.4244 RUB
__main__ - INFO - 100 INR = 74.4244 RUB
__main__ - INFO - 100 INR = 74.4244 RUB
__main__ - INFO - 100 INR = 74.4244 RUB
__main__ - INFO - 100 INR = 74.4244 RUB
__main__ - INFO - 100 INR = 74.4244 RUB
__main__ - INFO - 100 INR = 74.4244 RUB
__main__ - INFO - 100 INR = 74.4244 RUB
__main__ - INFO - 100 INR = 74.4244 RUB
__main__ - INFO - 100 INR = 74.4244 RUB
__main__ - INFO - 100 KZT = 12.6609 RUB
__main__ - INFO - 100 KZT = 12.6609 RUB
__main__ - INFO - 100 KZT = 12.6609 RUB
__main__ - INFO - 100 KZT = 12.6609 RUB
__main__ - INFO - 100 KZT = 12.6609 RUB
__main__ - INFO - 100 KZT = 12.6609 RUB
__main__ - INFO - 100 KZT = 12.6609 RUB
__main__ - INFO - 100 KZT = 12.6609 RUB
__main__ - INFO - 100 KZT = 12.6609 RUB
__main__ - INFO - 100 KZT = 12.6609 RUB
__main__ - INFO - 100 KZT = 12.6609 RUB
__main__ - INFO - 1 CAD = 45.2724 RUB
__main__ - INFO - 1 CAD = 45.2724 RUB
__main__ - INFO - 1 CAD = 45.2724 RUB
__main__ - INFO - 1 CAD = 45.2724 RUB
__main__ - INFO - 1 CAD = 45.2724 RUB
__main__ - INFO - 1 CAD = 45.2724 RUB
__main__ - INFO - 1 CAD = 45.2724 RUB
__main__ - INFO - 1 CAD = 45.2724 RUB
__main__ - INFO - 1 CAD = 45.2724 RUB
__main__ - INFO - 1 CAD = 45.2724 RUB
__main__ - INFO - 1 CAD = 45.2724 RUB
__main__ - INFO - 100 KGS = 71.7983 RUB
__main__ - INFO - 100 KGS = 71.7983 RUB
__main__ - INFO - 100 KGS = 71.7983 RUB
__main__ - INFO - 100 KGS = 71.7983 RUB
__main__ - INFO - 100 KGS = 71.7983 RUB
__main__ - INFO - 100 KGS = 71.7983 RUB
__main__ - INFO - 100 KGS = 71.7983 RUB
__main__ - INFO - 100 KGS = 71.7983 RUB
__main__ - INFO - 100 KGS = 71.7983 RUB
__main__ - INFO - 100 KGS = 71.7983 RUB
__main__ - INFO - 100 KGS = 71.7983 RUB
__main__ - INFO - 10 CNY = 87.9476 RUB
__main__ - INFO - 10 CNY = 87.9476 RUB
__main__ - INFO - 10 CNY = 87.9476 RUB
__main__ - INFO - 10 CNY = 87.9476 RUB
__main__ - INFO - 10 CNY = 87.9476 RUB
__main__ - INFO - 10 CNY = 87.9476 RUB
__main__ - INFO - 10 CNY = 87.9476 RUB
__main__ - INFO - 10 CNY = 87.9476 RUB
__main__ - INFO - 10 CNY = 87.9476 RUB
__main__ - INFO - 10 CNY = 87.9476 RUB
__main__ - INFO - 10 CNY = 87.9476 RUB
__main__ - INFO - 10 MDL = 30.5566 RUB
__main__ - INFO - 10 MDL = 30.5566 RUB
__main__ - INFO - 10 MDL = 30.5566 RUB
__main__ - INFO - 10 MDL = 30.5566 RUB
__main__ - INFO - 10 MDL = 30.5566 RUB
__main__ - INFO - 10 MDL = 30.5566 RUB
__main__ - INFO - 10 MDL = 30.5566 RUB
__main__ - INFO - 10 MDL = 30.5566 RUB
__main__ - INFO - 10 MDL = 30.5566 RUB
__main__ - INFO - 10 MDL = 30.5566 RUB
__main__ - INFO - 10 MDL = 30.5566 RUB
__main__ - INFO - 10 NOK = 57.5298 RUB
__main__ - INFO - 10 NOK = 57.5298 RUB
__main__ - INFO - 10 NOK = 57.5298 RUB
__main__ - INFO - 10 NOK = 57.5298 RUB
__main__ - INFO - 10 NOK = 57.5298 RUB
__main__ - INFO - 10 NOK = 57.5298 RUB
__main__ - INFO - 10 NOK = 57.5298 RUB
__main__ - INFO - 10 NOK = 57.5298 RUB
__main__ - INFO - 10 NOK = 57.5298 RUB
__main__ - INFO - 10 NOK = 57.5298 RUB
__main__ - INFO - 10 NOK = 57.5298 RUB
__main__ - INFO - 1 PLN = 12.2695 RUB
__main__ - INFO - 1 PLN = 12.2695 RUB
__main__ - INFO - 1 PLN = 12.2695 RUB
__main__ - INFO - 1 PLN = 12.2695 RUB
__main__ - INFO - 1 PLN = 12.2695 RUB
__main__ - INFO - 1 PLN = 12.2695 RUB
__main__ - INFO - 1 PLN = 12.2695 RUB
__main__ - INFO - 1 PLN = 12.2695 RUB
__main__ - INFO - 1 PLN = 12.2695 RUB
__main__ - INFO - 1 PLN = 12.2695 RUB
__main__ - INFO - 1 PLN = 12.2695 RUB
__main__ - INFO - 1 RON = 11.916 RUB
__main__ - INFO - 1 RON = 11.916 RUB
__main__ - INFO - 1 RON = 11.916 RUB
__main__ - INFO - 1 RON = 11.916 RUB
__main__ - INFO - 1 RON = 11.916 RUB
__main__ - INFO - 1 RON = 11.916 RUB
__main__ - INFO - 1 RON = 11.916 RUB
__main__ - INFO - 1 RON = 11.916 RUB
__main__ - INFO - 1 RON = 11.916 RUB
__main__ - INFO - 1 RON = 11.916 RUB
__main__ - INFO - 1 RON = 11.916 RUB
__main__ - INFO - 1 XDR = 77.3867 RUB
__main__ - INFO - 1 XDR = 77.3867 RUB
__main__ - INFO - 1 XDR = 77.3867 RUB
__main__ - INFO - 1 XDR = 77.3867 RUB
__main__ - INFO - 1 XDR = 77.3867 RUB
__main__ - INFO - 1 XDR = 77.3867 RUB
__main__ - INFO - 1 XDR = 77.3867 RUB
__main__ - INFO - 1 XDR = 77.3867 RUB
__main__ - INFO - 1 XDR = 77.3867 RUB
__main__ - INFO - 1 XDR = 77.3867 RUB
__main__ - INFO - 1 XDR = 77.3867 RUB
__main__ - INFO - 1 SGD = 41.8354 RUB
__main__ - INFO - 1 SGD = 41.8354 RUB
__main__ - INFO - 1 SGD = 41.8354 RUB
__main__ - INFO - 1 SGD = 41.8354 RUB
__main__ - INFO - 1 SGD = 41.8354 RUB
__main__ - INFO - 1 SGD = 41.8354 RUB
__main__ - INFO - 1 SGD = 41.8354 RUB
__main__ - INFO - 1 SGD = 41.8354 RUB
__main__ - INFO - 1 SGD = 41.8354 RUB
__main__ - INFO - 1 SGD = 41.8354 RUB
__main__ - INFO - 1 SGD = 41.8354 RUB
__main__ - INFO - 10 TJS = 55.9652 RUB
__main__ - INFO - 10 TJS = 55.9652 RUB
__main__ - INFO - 10 TJS = 55.9652 RUB
__main__ - INFO - 10 TJS = 55.9652 RUB
__main__ - INFO - 10 TJS = 55.9652 RUB
__main__ - INFO - 10 TJS = 55.9652 RUB
__main__ - INFO - 10 TJS = 55.9652 RUB
__main__ - INFO - 10 TJS = 55.9652 RUB
__main__ - INFO - 10 TJS = 55.9652 RUB
__main__ - INFO - 10 TJS = 55.9652 RUB
__main__ - INFO - 10 TJS = 55.9652 RUB
__main__ - INFO - 10 TRY = 34.0676 RUB
__main__ - INFO - 10 TRY = 34.0676 RUB
__main__ - INFO - 10 TRY = 34.0676 RUB
__main__ - INFO - 10 TRY = 34.0676 RUB
__main__ - INFO - 10 TRY = 34.0676 RUB
__main__ - INFO - 10 TRY = 34.0676 RUB
__main__ - INFO - 10 TRY = 34.0676 RUB
__main__ - INFO - 10 TRY = 34.0676 RUB
__main__ - INFO - 10 TRY = 34.0676 RUB
__main__ - INFO - 10 TRY = 34.0676 RUB
__main__ - INFO - 10 TRY = 34.0676 RUB
__main__ - INFO - 1 TMT = 16.8155 RUB
__main__ - INFO - 1 TMT = 16.8155 RUB
__main__ - INFO - 1 TMT = 16.8155 RUB
__main__ - INFO - 1 TMT = 16.8155 RUB
__main__ - INFO - 1 TMT = 16.8155 RUB
__main__ - INFO - 1 TMT = 16.8155 RUB
__main__ - INFO - 1 TMT = 16.8155 RUB
__main__ - INFO - 1 TMT = 16.8155 RUB
__main__ - INFO - 1 TMT = 16.8155 RUB
__main__ - INFO - 1 TMT = 16.8155 RUB
__main__ - INFO - 1 TMT = 16.8155 RUB
__main__ - INFO - 10000 UZS = 53.9337 RUB
__main__ - INFO - 10000 UZS = 53.9337 RUB
__main__ - INFO - 10000 UZS = 53.9337 RUB
__main__ - INFO - 10000 UZS = 53.9337 RUB
__main__ - INFO - 10000 UZS = 53.9337 RUB
__main__ - INFO - 10000 UZS = 53.9337 RUB
__main__ - INFO - 10000 UZS = 53.9337 RUB
__main__ - INFO - 10000 UZS = 53.9337 RUB
__main__ - INFO - 10000 UZS = 53.9337 RUB
__main__ - INFO - 10000 UZS = 53.9337 RUB
__main__ - INFO - 10000 UZS = 53.9337 RUB
__main__ - INFO - 10 UAH = 19.962 RUB
__main__ - INFO - 10 UAH = 19.962 RUB
__main__ - INFO - 10 UAH = 19.962 RUB
__main__ - INFO - 10 UAH = 19.962 RUB
__main__ - INFO - 10 UAH = 19.962 RUB
__main__ - INFO - 10 UAH = 19.962 RUB
__main__ - INFO - 10 UAH = 19.962 RUB
__main__ - INFO - 10 UAH = 19.962 RUB
__main__ - INFO - 10 UAH = 19.962 RUB
__main__ - INFO - 10 UAH = 19.962 RUB
__main__ - INFO - 10 UAH = 19.962 RUB
__main__ - INFO - 10 CZK = 24.1691 RUB
__main__ - INFO - 10 CZK = 24.1691 RUB
__main__ - INFO - 10 CZK = 24.1691 RUB
__main__ - INFO - 10 CZK = 24.1691 RUB
__main__ - INFO - 10 CZK = 24.1691 RUB
__main__ - INFO - 10 CZK = 24.1691 RUB
__main__ - INFO - 10 CZK = 24.1691 RUB
__main__ - INFO - 10 CZK = 24.1691 RUB
__main__ - INFO - 10 CZK = 24.1691 RUB
__main__ - INFO - 10 CZK = 24.1691 RUB
__main__ - INFO - 10 CZK = 24.1691 RUB
__main__ - INFO - 10 SEK = 55.2424 RUB
__main__ - INFO - 10 SEK = 55.2424 RUB
__main__ - INFO - 10 SEK = 55.2424 RUB
__main__ - INFO - 10 SEK = 55.2424 RUB
__main__ - INFO - 10 SEK = 55.2424 RUB
__main__ - INFO - 10 SEK = 55.2424 RUB
__main__ - INFO - 10 SEK = 55.2424 RUB
__main__ - INFO - 10 SEK = 55.2424 RUB
__main__ - INFO - 10 SEK = 55.2424 RUB
__main__ - INFO - 10 SEK = 55.2424 RUB
__main__ - INFO - 10 SEK = 55.2424 RUB
__main__ - INFO - 1 CHF = 59.7686 RUB
__main__ - INFO - 1 CHF = 59.7686 RUB
__main__ - INFO - 1 CHF = 59.7686 RUB
__main__ - INFO - 1 CHF = 59.7686 RUB
__main__ - INFO - 1 CHF = 59.7686 RUB
__main__ - INFO - 1 CHF = 59.7686 RUB
__main__ - INFO - 1 CHF = 59.7686 RUB
__main__ - INFO - 1 CHF = 59.7686 RUB
__main__ - INFO - 1 CHF = 59.7686 RUB
__main__ - INFO - 1 CHF = 59.7686 RUB
__main__ - INFO - 1 CHF = 59.7686 RUB
__main__ - INFO - 10 ZAR = 34.3555 RUB
__main__ - INFO - 10 ZAR = 34.3555 RUB
__main__ - INFO - 10 ZAR = 34.3555 RUB
__main__ - INFO - 10 ZAR = 34.3555 RUB
__main__ - INFO - 10 ZAR = 34.3555 RUB
__main__ - INFO - 10 ZAR = 34.3555 RUB
__main__ - INFO - 10 ZAR = 34.3555 RUB
__main__ - INFO - 10 ZAR = 34.3555 RUB
__main__ - INFO - 10 ZAR = 34.3555 RUB
__main__ - INFO - 10 ZAR = 34.3555 RUB
__main__ - INFO - 10 ZAR = 34.3555 RUB
__main__ - INFO - 1000 KRW = 44.8549 RUB
__main__ - INFO - 1000 KRW = 44.8549 RUB
__main__ - INFO - 1000 KRW = 44.8549 RUB
__main__ - INFO - 1000 KRW = 44.8549 RUB
__main__ - INFO - 1000 KRW = 44.8549 RUB
__main__ - INFO - 1000 KRW = 44.8549 RUB
__main__ - INFO - 1000 KRW = 44.8549 RUB
__main__ - INFO - 1000 KRW = 44.8549 RUB
__main__ - INFO - 1000 KRW = 44.8549 RUB
__main__ - INFO - 1000 KRW = 44.8549 RUB
__main__ - INFO - 1000 KRW = 44.8549 RUB
__main__ - INFO - 100 JPY = 42.9122 RUB
__main__ - INFO - 100 JPY = 42.9122 RUB
__main__ - INFO - 100 JPY = 42.9122 RUB
__main__ - INFO - 100 JPY = 42.9122 RUB
__main__ - INFO - 100 JPY = 42.9122 RUB
__main__ - INFO - 100 JPY = 42.9122 RUB
__main__ - INFO - 100 JPY = 42.9122 RUB
__main__ - INFO - 100 JPY = 42.9122 RUB
__main__ - INFO - 100 JPY = 42.9122 RUB
__main__ - INFO - 100 JPY = 42.9122 RUB
__main__ - INFO - 100 JPY = 42.9122 RUB
__main__ - INFO - 1 USD = 61.3045 RUB
__main__ - INFO - 1 USD = 61.3045 RUB
__main__ - INFO - 1 USD = 61.3045 RUB
__main__ - INFO - 1 USD = 61.3045 RUB
__main__ - INFO - 1 USD = 61.3045 RUB
__main__ - INFO - 1 USD = 61.3045 RUB
__main__ - INFO - 1 USD = 61.3045 RUB
__main__ - INFO - 1 USD = 61.3045 RUB
__main__ - INFO - 1 USD = 61.3045 RUB
__main__ - INFO - 1 USD = 61.3045 RUB
__main__ - INFO - 1 USD = 61.3045 RUB
__main__ - INFO - 1 USD = 61.3045 RUB
__main__ - INFO - 1 USD = 61.3045 RUB
__main__ - INFO - 1 EUR = 61.8056 RUB
__main__ - INFO - 1 EUR = 61.8056 RUB
__main__ - INFO - 1 EUR = 61.8056 RUB
__main__ - INFO - 1 EUR = 61.8056 RUB
__main__ - INFO - 1 EUR = 61.8056 RUB
__main__ - INFO - 1 EUR = 61.8056 RUB
__main__ - INFO - 1 EUR = 61.8056 RUB
__main__ - INFO - 1 EUR = 61.8056 RUB
__main__ - INFO - 1 EUR = 61.8056 RUB
__main__ - INFO - 1 EUR = 61.8056 RUB
__main__ - INFO - 1 EUR = 61.8056 RUB
__main__ - INFO - 1 EUR = 61.8056 RUB
__main__ - INFO - 1 EUR = 61.8056 RUB
__main__ - INFO - 1 USD = 61.3045 RUB
__main__ - INFO - 1 USD = 61.3045 RUB
__main__ - INFO - 1 USD = 61.3045 RUB
__main__ - INFO - 1 USD = 61.3045 RUB
__main__ - INFO - 1 USD = 61.3045 RUB
__main__ - INFO - 1 USD = 61.3045 RUB
__main__ - INFO - 1 USD = 61.3045 RUB
__main__ - INFO - 1 USD = 61.3045 RUB
__main__ - INFO - 1 USD = 61.3045 RUB
__main__ - INFO - 1 USD = 61.3045 RUB
__main__ - INFO - 1 USD = 61.3045 RUB
__main__ - INFO - 1 USD = 61.3045 RUB
__main__ - INFO - 1 USD = 61.3045 RUB
__main__ - INFO - 1 EUR = 61.8056 RUB
__main__ - INFO - 1 EUR = 61.8056 RUB
__main__ - INFO - 1 EUR = 61.8056 RUB
__main__ - INFO - 1 EUR = 61.8056 RUB
__main__ - INFO - 1 EUR = 61.8056 RUB
__main__ - INFO - 1 EUR = 61.8056 RUB
__main__ - INFO - 1 EUR = 61.8056 RUB
__main__ - INFO - 1 EUR = 61.8056 RUB
__main__ - INFO - 1 EUR = 61.8056 RUB
__main__ - INFO - 1 EUR = 61.8056 RUB
__main__ - INFO - 1 EUR = 61.8056 RUB
__main__ - INFO - 1 EUR = 61.8056 RUB
__main__ - INFO - 1 EUR = 61.8056 RUB
__main__ - INFO - БД создана
__main__ - INFO - БД создана
__main__ - INFO - Попытка входа
__main__ - INFO - Попытка входа
__main__ - INFO - Попытка входа
__main__ - INFO - Успешная авторизация
__main__ - INFO - Успешная авторизация
__main__ - INFO - Успешная авторизация
__main__ - INFO - 1 USD = 61.3045 RUB
__main__ - INFO - 1 USD = 61.3045 RUB
__main__ - INFO - 1 USD = 61.3045 RUB
__main__ - INFO - 1 USD = 61.3045 RUB
__main__ - INFO - 1 USD = 61.3045 RUB
__main__ - INFO - 1 USD = 61.3045 RUB
__main__ - INFO - 1 USD = 58.8541 RUB
__main__ - INFO - 1 USD = 58.8541 RUB
__main__ - INFO - 1 USD = 58.8541 RUB
__main__ - INFO - 1 USD = 58.8541 RUB
__main__ - INFO - 1 USD = 58.8541 RUB
__main__ - INFO - 1 USD = 58.8541 RUB
__main__ - INFO - 1 USD = 58.8541 RUB
__main__ - INFO - 1 USD = 58.8541 RUB
__main__ - INFO - 1 USD = 58.8541 RUB
__main__ - INFO - 1 USD = 58.8541 RUB
__main__ - INFO - 1 USD = 58.8541 RUB
__main__ - INFO - 1 USD = 58.8541 RUB
__main__ - INFO - 1 USD = 58.8541 RUB
__main__ - INFO - 1 USD = 58.8541 RUB
__main__ - INFO - 1 USD = 58.8541 RUB
__main__ - INFO - 1 EUR = 58.7643 RUB
__main__ - INFO - 1 EUR = 58.7643 RUB
__main__ - INFO - 1 EUR = 58.7643 RUB
__main__ - INFO - 1 EUR = 58.7643 RUB
__main__ - INFO - 1 EUR = 58.7643 RUB
__main__ - INFO - 1 EUR = 58.7643 RUB
__main__ - INFO - 1 EUR = 58.7643 RUB
__main__ - INFO - 1 EUR = 58.7643 RUB
__main__ - INFO - 1 AZN = 34.6201 RUB
__main__ - INFO - 1 AZN = 34.6201 RUB
__main__ - INFO - 1 AZN = 34.6201 RUB
__main__ - INFO - 1 AZN = 34.6201 RUB
__main__ - INFO - 1 AZN = 34.6201 RUB
__main__ - INFO - 1 AZN = 34.6201 RUB
__main__ - INFO - 1 AZN = 34.6201 RUB
__main__ - INFO - 1 AZN = 34.6201 RUB
__main__ - INFO - 1 USD = 61.3045 RUB
__main__ - INFO - 1 USD = 61.3045 RUB
__main__ - INFO - 1 USD = 61.3045 RUB
__main__ - INFO - 1 USD = 61.3045 RUB
__main__ - INFO - 1 USD = 61.3045 RUB
__main__ - INFO - 1 USD = 61.3045 RUB
__main__ - INFO - 1 USD = 61.3045 RUB
__main__ - INFO - 1 USD = 61.3045 RUB
__main__ - INFO - 1 USD = 61.3045 RUB
__main__ - INFO - 1 EUR = 61.8056 RUB
__main__ - INFO - 1 EUR = 61.8056 RUB
__main__ - INFO - 1 EUR = 61.8056 RUB
__main__ - INFO - 1 EUR = 61.8056 RUB
__main__ - INFO - 1 EUR = 61.8056 RUB
__main__ - INFO - 1 EUR = 61.8056 RUB
__main__ - INFO - 1 EUR = 61.8056 RUB
__main__ - INFO - 1 EUR = 61.8056 RUB
__main__ - INFO - 1 EUR = 61.8056 RUB
__main__ - INFO - БД создана
__main__ - INFO - Попытка входа
__main__ - INFO - Попытка входа
__main__ - INFO - Попытка входа
__main__ - INFO - Успешная авторизация
__main__ - INFO - Успешная авторизация
__main__ - INFO - Успешная авторизация
__main__ - INFO - 10000 UZS = 53.9337 RUB
__main__ - INFO - 10000 UZS = 53.9337 RUB
__main__ - INFO - 10000 UZS = 53.9337 RUB
__main__ - INFO - 10000 UZS = 53.9337 RUB
__main__ - INFO - 10000 UZS = 53.9337 RUB
__main__ - INFO - 10000 UZS = 53.9337 RUB
__main__ - INFO - 10 UAH = 19.962 RUB
__main__ - INFO - 10 UAH = 19.962 RUB
__main__ - INFO - 10 UAH = 19.962 RUB
__main__ - INFO - 10 UAH = 19.962 RUB
__main__ - INFO - 10 UAH = 19.962 RUB
__main__ - INFO - 10 UAH = 19.962 RUB
__main__ - INFO - 10000 UZS = 53.9337 RUB
__main__ - INFO - 10000 UZS = 53.9337 RUB
__main__ - INFO - 10000 UZS = 53.9337 RUB
__main__ - INFO - 10000 UZS = 53.9337 RUB
__main__ - INFO - 10000 UZS = 53.9337 RUB
__main__ - INFO - 10000 UZS = 53.9337 RUB
__main__ - INFO - 10000 UZS = 53.9337 RUB
__main__ - INFO - 10 UAH = 19.962 RUB
__main__ - INFO - 10 UAH = 19.962 RUB
__main__ - INFO - 10 UAH = 19.962 RUB
__main__ - INFO - 10 UAH = 19.962 RUB
__main__ - INFO - 10 UAH = 19.962 RUB
__main__ - INFO - 10 UAH = 19.962 RUB
__main__ - INFO - 10 UAH = 19.962 RUB
